{
  "numTotalTestSuites": 5,
  "numPassedTestSuites": 5,
  "numFailedTestSuites": 0,
  "numPendingTestSuites": 0,
  "numTotalTests": 14,
  "numPassedTests": 14,
  "numFailedTests": 0,
  "numPendingTests": 0,
  "numTodoTests": 0,
  "snapshot": {
    "added": 0,
    "failure": false,
    "filesAdded": 0,
    "filesRemoved": 0,
    "filesRemovedList": [],
    "filesUnmatched": 0,
    "filesUpdated": 0,
    "matched": 0,
    "total": 0,
    "unchecked": 0,
    "uncheckedKeysByFile": [],
    "unmatched": 0,
    "updated": 0,
    "didUpdate": false
  },
  "startTime": 1776910700380,
  "success": true,
  "testResults": [
    {
      "assertionResults": [
        {
          "ancestorTitles": ["ERD Generator", "generateERD"],
          "fullName": "ERD Generator generateERD should generate basic ERD with single entity",
          "status": "passed",
          "title": "should generate basic ERD with single entity",
          "duration": 2.575221000000056,
          "failureMessages": [],
          "meta": {},
          "tags": []
        },
        {
          "ancestorTitles": ["ERD Generator", "generateERD"],
          "fullName": "ERD Generator generateERD should generate ERD with multiple entities",
          "status": "passed",
          "title": "should generate ERD with multiple entities",
          "duration": 0.37210099999998647,
          "failureMessages": [],
          "meta": {},
          "tags": []
        },
        {
          "ancestorTitles": ["ERD Generator", "generateERD"],
          "fullName": "ERD Generator generateERD should generate ERD with one-to-many relationship",
          "status": "passed",
          "title": "should generate ERD with one-to-many relationship",
          "duration": 0.2566540000000259,
          "failureMessages": [],
          "meta": {},
          "tags": []
        },
        {
          "ancestorTitles": ["ERD Generator", "generateERD"],
          "fullName": "ERD Generator generateERD should generate ERD with many-to-one relationship",
          "status": "passed",
          "title": "should generate ERD with many-to-one relationship",
          "duration": 0.24236700000000155,
          "failureMessages": [],
          "meta": {},
          "tags": []
        },
        {
          "ancestorTitles": ["ERD Generator", "generateERD"],
          "fullName": "ERD Generator generateERD should handle various Prisma field types",
          "status": "passed",
          "title": "should handle various Prisma field types",
          "duration": 0.4126370000000179,
          "failureMessages": [],
          "meta": {},
          "tags": []
        },
        {
          "ancestorTitles": ["ERD Generator", "generateERD"],
          "fullName": "ERD Generator generateERD should handle array fields",
          "status": "passed",
          "title": "should handle array fields",
          "duration": 0.21337199999999257,
          "failureMessages": [],
          "meta": {},
          "tags": []
        },
        {
          "ancestorTitles": ["ERD Generator", "generateERD"],
          "fullName": "ERD Generator generateERD should handle enum fields",
          "status": "passed",
          "title": "should handle enum fields",
          "duration": 0.244070000000022,
          "failureMessages": [],
          "meta": {},
          "tags": []
        },
        {
          "ancestorTitles": ["ERD Generator", "generateERD"],
          "fullName": "ERD Generator generateERD should exclude relation fields from entity definitions",
          "status": "passed",
          "title": "should exclude relation fields from entity definitions",
          "duration": 0.3044140000000084,
          "failureMessages": [],
          "meta": {},
          "tags": []
        },
        {
          "ancestorTitles": ["ERD Generator", "generateERD"],
          "fullName": "ERD Generator generateERD should handle empty schema",
          "status": "passed",
          "title": "should handle empty schema",
          "duration": 0.4290990000000079,
          "failureMessages": [],
          "meta": {},
          "tags": []
        },
        {
          "ancestorTitles": ["ERD Generator", "generateERD"],
          "fullName": "ERD Generator generateERD should handle one-to-one relationship",
          "status": "passed",
          "title": "should handle one-to-one relationship",
          "duration": 0.34190399999999954,
          "failureMessages": [],
          "meta": {},
          "tags": []
        },
        {
          "ancestorTitles": ["ERD Generator", "generateERD"],
          "fullName": "ERD Generator generateERD should handle many-to-many relationship",
          "status": "passed",
          "title": "should handle many-to-many relationship",
          "duration": 0.22665699999998878,
          "failureMessages": [],
          "meta": {},
          "tags": []
        },
        {
          "ancestorTitles": ["ERD Generator", "generateERDCodeBlock"],
          "fullName": "ERD Generator generateERDCodeBlock should wrap ERD in markdown code block",
          "status": "passed",
          "title": "should wrap ERD in markdown code block",
          "duration": 0.3267649999999662,
          "failureMessages": [],
          "meta": {},
          "tags": []
        },
        {
          "ancestorTitles": ["ERD Generator", "generatePartialERD"],
          "fullName": "ERD Generator generatePartialERD should generate ERD for subset of models",
          "status": "passed",
          "title": "should generate ERD for subset of models",
          "duration": 0.3900649999999928,
          "failureMessages": [],
          "meta": {},
          "tags": []
        },
        {
          "ancestorTitles": ["ERD Generator", "generatePartialERD"],
          "fullName": "ERD Generator generatePartialERD should exclude relationships to models not in subset",
          "status": "passed",
          "title": "should exclude relationships to models not in subset",
          "duration": 0.2374369999999999,
          "failureMessages": [],
          "meta": {},
          "tags": []
        }
      ],
      "startTime": 1776910700682,
      "endTime": 1776910700688.3901,
      "status": "passed",
      "message": "",
      "name": "/var/home/pc/Área de trabalho/Dev/RegCheck/scripts/docs/erd-generator.test.ts"
    }
  ]
}
