{"numTotalTestSuites":110,"numPassedTestSuites":93,"numFailedTestSuites":17,"numPendingTestSuites":0,"numTotalTests":164,"numPassedTests":145,"numFailedTests":19,"numPendingTests":0,"numTodoTests":0,"snapshot":{"added":0,"failure":false,"filesAdded":0,"filesRemoved":0,"filesRemovedList":[],"filesUnmatched":0,"filesUpdated":0,"matched":0,"total":0,"unchecked":0,"uncheckedKeysByFile":[],"unmatched":0,"updated":0,"didUpdate":false},"startTime":1775688137711,"success":false,"testResults":[{"assertionResults":[{"ancestorTitles":["Database Query Performance","Query Execution Time < 50ms (Requirement 5.5)"],"fullName":"Database Query Performance Query Execution Time < 50ms (Requirement 5.5) EquipamentoService.list() should execute queries in < 50ms","status":"passed","title":"EquipamentoService.list() should execute queries in < 50ms","duration":6.686445999999933,"failureMessages":[],"meta":{}},{"ancestorTitles":["Database Query Performance","Query Execution Time < 50ms (Requirement 5.5)"],"fullName":"Database Query Performance Query Execution Time < 50ms (Requirement 5.5) EquipamentoService.getById() should execute query in < 50ms","status":"failed","title":"EquipamentoService.getById() should execute query in < 50ms","duration":6.475689000000102,"failureMessages":["AppError: Equipamento não encontrado\n    at /var/home/pc/Área de trabalho/Dev/RegCheck/.claude/worktrees/romantic-lumiere/apps/api/src/services/equipamento-service.ts:164:22"],"meta":{}},{"ancestorTitles":["Database Query Performance","Query Execution Time < 50ms (Requirement 5.5)"],"fullName":"Database Query Performance Query Execution Time < 50ms (Requirement 5.5) DocumentService.list() should execute queries in < 50ms","status":"passed","title":"DocumentService.list() should execute queries in < 50ms","duration":1.0258919999998852,"failureMessages":[],"meta":{}},{"ancestorTitles":["Database Query Performance","Query Execution Time < 50ms (Requirement 5.5)"],"fullName":"Database Query Performance Query Execution Time < 50ms (Requirement 5.5) DocumentService.getById() should execute query in < 50ms","status":"failed","title":"DocumentService.getById() should execute query in < 50ms","duration":3.6575800000000527,"failureMessages":["AppError: Document not found\n    at /var/home/pc/Área de trabalho/Dev/RegCheck/.claude/worktrees/romantic-lumiere/apps/api/src/services/document-service.ts:150:23"],"meta":{}},{"ancestorTitles":["Database Query Performance","Query Execution Time < 50ms (Requirement 5.5)"],"fullName":"Database Query Performance Query Execution Time < 50ms (Requirement 5.5) TemplateService.list() should execute queries in < 50ms","status":"passed","title":"TemplateService.list() should execute queries in < 50ms","duration":4.345857000000024,"failureMessages":[],"meta":{}},{"ancestorTitles":["Database Query Performance","Query Execution Time < 50ms (Requirement 5.5)"],"fullName":"Database Query Performance Query Execution Time < 50ms (Requirement 5.5) TemplateService.getById() should execute query in < 50ms","status":"failed","title":"TemplateService.getById() should execute query in < 50ms","duration":2.666251999999986,"failureMessages":["AppError: Template not found\n    at /var/home/pc/Área de trabalho/Dev/RegCheck/.claude/worktrees/romantic-lumiere/apps/api/src/services/template-service.ts:78:15"],"meta":{}},{"ancestorTitles":["Database Query Performance","Query Execution Time < 50ms (Requirement 5.5)"],"fullName":"Database Query Performance Query Execution Time < 50ms (Requirement 5.5) LojaService.list() should execute queries in < 50ms","status":"passed","title":"LojaService.list() should execute queries in < 50ms","duration":2.25630000000001,"failureMessages":[],"meta":{}},{"ancestorTitles":["Database Query Performance","Query Execution Time < 50ms (Requirement 5.5)"],"fullName":"Database Query Performance Query Execution Time < 50ms (Requirement 5.5) LojaService.getById() should execute query in < 50ms","status":"failed","title":"LojaService.getById() should execute query in < 50ms","duration":2.27441500000009,"failureMessages":["AppError: Loja não encontrada\n    at /var/home/pc/Área de trabalho/Dev/RegCheck/.claude/worktrees/romantic-lumiere/apps/api/src/services/loja-service.ts:61:24"],"meta":{}},{"ancestorTitles":["Database Query Performance","Query Optimization Patterns"],"fullName":"Database Query Performance Query Optimization Patterns should use select to minimize data transfer","status":"passed","title":"should use select to minimize data transfer","duration":3.7637700000000223,"failureMessages":[],"meta":{}},{"ancestorTitles":["Database Query Performance","Query Optimization Patterns"],"fullName":"Database Query Performance Query Optimization Patterns should use eager loading for relations (no N+1)","status":"passed","title":"should use eager loading for relations (no N+1)","duration":3.877433999999994,"failureMessages":[],"meta":{}},{"ancestorTitles":["Database Query Performance","Query Optimization Patterns"],"fullName":"Database Query Performance Query Optimization Patterns should use pagination to limit result set","status":"passed","title":"should use pagination to limit result set","duration":2.13363900000013,"failureMessages":[],"meta":{}},{"ancestorTitles":["Database Query Performance","Query Optimization Patterns"],"fullName":"Database Query Performance Query Optimization Patterns should enforce max page size of 100","status":"passed","title":"should enforce max page size of 100","duration":1.8690209999999752,"failureMessages":[],"meta":{}},{"ancestorTitles":["Database Query Performance","Concurrent Query Performance"],"fullName":"Database Query Performance Concurrent Query Performance should handle 10 concurrent queries within 50ms each","status":"passed","title":"should handle 10 concurrent queries within 50ms each","duration":4.561202999999978,"failureMessages":[],"meta":{}},{"ancestorTitles":["Database Query Performance","Concurrent Query Performance"],"fullName":"Database Query Performance Concurrent Query Performance should handle mixed query types concurrently","status":"passed","title":"should handle mixed query types concurrently","duration":1.6974069999998846,"failureMessages":[],"meta":{}},{"ancestorTitles":["Database Query Performance","Index Usage Verification"],"fullName":"Database Query Performance Index Usage Verification should use indexed columns in WHERE clauses","status":"passed","title":"should use indexed columns in WHERE clauses","duration":2.210023999999976,"failureMessages":[],"meta":{}},{"ancestorTitles":["Database Query Performance","Index Usage Verification"],"fullName":"Database Query Performance Index Usage Verification should use indexed columns in ORDER BY","status":"passed","title":"should use indexed columns in ORDER BY","duration":1.5863180000001194,"failureMessages":[],"meta":{}},{"ancestorTitles":["Database Query Performance","Query Result Size"],"fullName":"Database Query Performance Query Result Size should limit fields in list queries","status":"passed","title":"should limit fields in list queries","duration":1.5891639999999825,"failureMessages":[],"meta":{}},{"ancestorTitles":["Database Query Performance","Query Result Size"],"fullName":"Database Query Performance Query Result Size should include all necessary fields in detail queries","status":"failed","title":"should include all necessary fields in detail queries","duration":4.601659000000154,"failureMessages":["AppError: Document not found\n    at /var/home/pc/Área de trabalho/Dev/RegCheck/.claude/worktrees/romantic-lumiere/apps/api/src/services/document-service.ts:150:23"],"meta":{}}],"startTime":1775688138947,"endTime":1775688139011.6016,"status":"failed","message":"","name":"/var/home/pc/Área de trabalho/Dev/RegCheck/.claude/worktrees/romantic-lumiere/apps/api/src/__tests__/database-query-performance.test.ts"},{"assertionResults":[],"startTime":1775688137711,"endTime":1775688137711,"status":"failed","message":"Cannot find module '.prisma/client/default'\nRequire stack:\n- /var/home/pc/Área de trabalho/Dev/RegCheck/.claude/worktrees/romantic-lumiere/node_modules/.pnpm/@prisma+client@5.22.0_prisma@5.22.0/node_modules/@prisma/client/default.js","name":"/var/home/pc/Área de trabalho/Dev/RegCheck/.claude/worktrees/romantic-lumiere/apps/api/src/__tests__/performance-benchmarks.test.ts"},{"assertionResults":[{"ancestorTitles":["CacheService Integration"],"fullName":"CacheService Integration should store and retrieve data from Redis","status":"failed","title":"should store and retrieve data from Redis","duration":339.08390799999995,"failureMessages":["MaxRetriesPerRequestError: Reached the max retries per request limit (which is 3). Refer to \"maxRetriesPerRequest\" option for details.\n    at Socket.<anonymous> (/var/home/pc/Área de trabalho/Dev/RegCheck/.claude/worktrees/romantic-lumiere/node_modules/.pnpm/ioredis@5.10.1/node_modules/ioredis/built/redis/event_handler.js:207:37)\n    at Object.onceWrapper (node:events:631:12)\n    at Socket.emit (node:events:509:20)\n    at TCP.<anonymous> (node:net:350:12)"],"meta":{}},{"ancestorTitles":["CacheService Integration"],"fullName":"CacheService Integration should return null for non-existent keys","status":"failed","title":"should return null for non-existent keys","duration":1103.937253,"failureMessages":["MaxRetriesPerRequestError: Reached the max retries per request limit (which is 3). Refer to \"maxRetriesPerRequest\" option for details.\n    at Socket.<anonymous> (/var/home/pc/Área de trabalho/Dev/RegCheck/.claude/worktrees/romantic-lumiere/node_modules/.pnpm/ioredis@5.10.1/node_modules/ioredis/built/redis/event_handler.js:207:37)\n    at Object.onceWrapper (node:events:631:12)\n    at Socket.emit (node:events:509:20)\n    at TCP.<anonymous> (node:net:350:12)"],"meta":{}},{"ancestorTitles":["CacheService Integration"],"fullName":"CacheService Integration should delete specific keys","status":"failed","title":"should delete specific keys","duration":1905.2596569999996,"failureMessages":["MaxRetriesPerRequestError: Reached the max retries per request limit (which is 3). Refer to \"maxRetriesPerRequest\" option for details.\n    at Socket.<anonymous> (/var/home/pc/Área de trabalho/Dev/RegCheck/.claude/worktrees/romantic-lumiere/node_modules/.pnpm/ioredis@5.10.1/node_modules/ioredis/built/redis/event_handler.js:207:37)\n    at Object.onceWrapper (node:events:631:12)\n    at Socket.emit (node:events:509:20)\n    at TCP.<anonymous> (node:net:350:12)"],"meta":{}},{"ancestorTitles":["CacheService Integration"],"fullName":"CacheService Integration should delete keys by pattern","status":"failed","title":"should delete keys by pattern","duration":2704.3782109999993,"failureMessages":["MaxRetriesPerRequestError: Reached the max retries per request limit (which is 3). Refer to \"maxRetriesPerRequest\" option for details.\n    at Socket.<anonymous> (/var/home/pc/Área de trabalho/Dev/RegCheck/.claude/worktrees/romantic-lumiere/node_modules/.pnpm/ioredis@5.10.1/node_modules/ioredis/built/redis/event_handler.js:207:37)\n    at Object.onceWrapper (node:events:631:12)\n    at Socket.emit (node:events:509:20)\n    at TCP.<anonymous> (node:net:350:12)"],"meta":{}},{"ancestorTitles":["CacheService Integration"],"fullName":"CacheService Integration should use wrap for cache-aside pattern","status":"failed","title":"should use wrap for cache-aside pattern","duration":3505.091459,"failureMessages":["MaxRetriesPerRequestError: Reached the max retries per request limit (which is 3). Refer to \"maxRetriesPerRequest\" option for details.\n    at Socket.<anonymous> (/var/home/pc/Área de trabalho/Dev/RegCheck/.claude/worktrees/romantic-lumiere/node_modules/.pnpm/ioredis@5.10.1/node_modules/ioredis/built/redis/event_handler.js:207:37)\n    at Object.onceWrapper (node:events:631:12)\n    at Socket.emit (node:events:509:20)\n    at TCP.<anonymous> (node:net:350:12)"],"meta":{}},{"ancestorTitles":["CacheService Integration"],"fullName":"CacheService Integration should handle complex nested objects","status":"failed","title":"should handle complex nested objects","duration":4304.946168,"failureMessages":["MaxRetriesPerRequestError: Reached the max retries per request limit (which is 3). Refer to \"maxRetriesPerRequest\" option for details.\n    at Socket.<anonymous> (/var/home/pc/Área de trabalho/Dev/RegCheck/.claude/worktrees/romantic-lumiere/node_modules/.pnpm/ioredis@5.10.1/node_modules/ioredis/built/redis/event_handler.js:207:37)\n    at Object.onceWrapper (node:events:631:12)\n    at Socket.emit (node:events:509:20)\n    at TCP.<anonymous> (node:net:350:12)"],"meta":{}},{"ancestorTitles":["CacheService Integration"],"fullName":"CacheService Integration should respect TTL expiration","status":"failed","title":"should respect TTL expiration","duration":5107.067278,"failureMessages":["MaxRetriesPerRequestError: Reached the max retries per request limit (which is 3). Refer to \"maxRetriesPerRequest\" option for details.\n    at Socket.<anonymous> (/var/home/pc/Área de trabalho/Dev/RegCheck/.claude/worktrees/romantic-lumiere/node_modules/.pnpm/ioredis@5.10.1/node_modules/ioredis/built/redis/event_handler.js:207:37)\n    at Object.onceWrapper (node:events:631:12)\n    at Socket.emit (node:events:509:20)\n    at TCP.<anonymous> (node:net:350:12)"],"meta":{}}],"startTime":1775688139677,"endTime":1775688158647.0674,"status":"failed","message":"","name":"/var/home/pc/Área de trabalho/Dev/RegCheck/.claude/worktrees/romantic-lumiere/apps/api/src/lib/__tests__/cache.integration.test.ts"},{"assertionResults":[{"ancestorTitles":["CacheService","get"],"fullName":"CacheService get should return null when key does not exist","status":"passed","title":"should return null when key does not exist","duration":4.8563179999999875,"failureMessages":[],"meta":{}},{"ancestorTitles":["CacheService","get"],"fullName":"CacheService get should return parsed value when key exists","status":"passed","title":"should return parsed value when key exists","duration":0.9899149999999963,"failureMessages":[],"meta":{}},{"ancestorTitles":["CacheService","get"],"fullName":"CacheService get should handle Redis errors gracefully and return null","status":"passed","title":"should handle Redis errors gracefully and return null","duration":10.929960000000051,"failureMessages":[],"meta":{}},{"ancestorTitles":["CacheService","get"],"fullName":"CacheService get should handle JSON parse errors gracefully","status":"passed","title":"should handle JSON parse errors gracefully","duration":1.4013989999999694,"failureMessages":[],"meta":{}},{"ancestorTitles":["CacheService","set"],"fullName":"CacheService set should store value with default TTL","status":"passed","title":"should store value with default TTL","duration":0.8550010000000157,"failureMessages":[],"meta":{}},{"ancestorTitles":["CacheService","set"],"fullName":"CacheService set should store value with custom TTL","status":"passed","title":"should store value with custom TTL","duration":0.6400660000000471,"failureMessages":[],"meta":{}},{"ancestorTitles":["CacheService","set"],"fullName":"CacheService set should handle Redis errors gracefully without throwing","status":"passed","title":"should handle Redis errors gracefully without throwing","duration":3.521402999999964,"failureMessages":[],"meta":{}},{"ancestorTitles":["CacheService","set"],"fullName":"CacheService set should serialize complex objects correctly","status":"passed","title":"should serialize complex objects correctly","duration":1.1658559999999625,"failureMessages":[],"meta":{}},{"ancestorTitles":["CacheService","del"],"fullName":"CacheService del should delete a specific key","status":"passed","title":"should delete a specific key","duration":0.5736100000000306,"failureMessages":[],"meta":{}},{"ancestorTitles":["CacheService","del"],"fullName":"CacheService del should handle Redis errors gracefully","status":"passed","title":"should handle Redis errors gracefully","duration":0.9201229999999896,"failureMessages":[],"meta":{}},{"ancestorTitles":["CacheService","delPattern"],"fullName":"CacheService delPattern should delete all keys matching pattern","status":"passed","title":"should delete all keys matching pattern","duration":1.620822999999973,"failureMessages":[],"meta":{}},{"ancestorTitles":["CacheService","delPattern"],"fullName":"CacheService delPattern should not call del when no keys match pattern","status":"passed","title":"should not call del when no keys match pattern","duration":1.0710280000000694,"failureMessages":[],"meta":{}},{"ancestorTitles":["CacheService","delPattern"],"fullName":"CacheService delPattern should handle Redis errors gracefully","status":"passed","title":"should handle Redis errors gracefully","duration":0.9263250000000198,"failureMessages":[],"meta":{}},{"ancestorTitles":["CacheService","wrap"],"fullName":"CacheService wrap should return cached value if exists","status":"passed","title":"should return cached value if exists","duration":1.5036630000000741,"failureMessages":[],"meta":{}},{"ancestorTitles":["CacheService","wrap"],"fullName":"CacheService wrap should execute function and cache result on cache miss","status":"passed","title":"should execute function and cache result on cache miss","duration":11.279187999999976,"failureMessages":[],"meta":{}},{"ancestorTitles":["CacheService","wrap"],"fullName":"CacheService wrap should use custom TTL when provided","status":"passed","title":"should use custom TTL when provided","duration":11.287543999999912,"failureMessages":[],"meta":{}},{"ancestorTitles":["CacheService","wrap"],"fullName":"CacheService wrap should return fresh data even if cache set fails","status":"passed","title":"should return fresh data even if cache set fails","duration":1.6513109999999642,"failureMessages":[],"meta":{}},{"ancestorTitles":["CacheService","wrap"],"fullName":"CacheService wrap should handle function errors by propagating them","status":"passed","title":"should handle function errors by propagating them","duration":2.436951000000022,"failureMessages":[],"meta":{}},{"ancestorTitles":["CacheService","graceful degradation"],"fullName":"CacheService graceful degradation should continue working when Redis is unavailable","status":"passed","title":"should continue working when Redis is unavailable","duration":3.2073219999999765,"failureMessages":[],"meta":{}}],"startTime":1775688138647,"endTime":1775688138709.2073,"status":"passed","message":"","name":"/var/home/pc/Área de trabalho/Dev/RegCheck/.claude/worktrees/romantic-lumiere/apps/api/src/lib/__tests__/cache.test.ts"},{"assertionResults":[{"ancestorTitles":["Performance Monitoring Integration","Slow Query Detection - Requirement 8.2"],"fullName":"Performance Monitoring Integration Slow Query Detection - Requirement 8.2 should detect and log slow queries above 100ms threshold","status":"passed","title":"should detect and log slow queries above 100ms threshold","duration":10.221765000000005,"failureMessages":[],"meta":{}},{"ancestorTitles":["Performance Monitoring Integration","Slow Query Detection - Requirement 8.2"],"fullName":"Performance Monitoring Integration Slow Query Detection - Requirement 8.2 should not log queries at or below 100ms threshold","status":"passed","title":"should not log queries at or below 100ms threshold","duration":0.995143999999982,"failureMessages":[],"meta":{}},{"ancestorTitles":["Performance Monitoring Integration","Slow Query Detection - Requirement 8.2"],"fullName":"Performance Monitoring Integration Slow Query Detection - Requirement 8.2 should track multiple slow queries in a single request","status":"passed","title":"should track multiple slow queries in a single request","duration":0.9186909999999671,"failureMessages":[],"meta":{}},{"ancestorTitles":["Performance Monitoring Integration","Slow Query Detection - Requirement 8.2"],"fullName":"Performance Monitoring Integration Slow Query Detection - Requirement 8.2 should include query parameters in slow query logs","status":"passed","title":"should include query parameters in slow query logs","duration":0.886841000000004,"failureMessages":[],"meta":{}},{"ancestorTitles":["Performance Monitoring Integration","Slow Query Detection - Requirement 8.2"],"fullName":"Performance Monitoring Integration Slow Query Detection - Requirement 8.2 should track timestamp for each slow query","status":"passed","title":"should track timestamp for each slow query","duration":0.8591790000000401,"failureMessages":[],"meta":{}},{"ancestorTitles":["Performance Monitoring Integration","Request Duration Tracking - Requirement 8.1"],"fullName":"Performance Monitoring Integration Request Duration Tracking - Requirement 8.1 should track request duration accurately","status":"passed","title":"should track request duration accurately","duration":101.55102199999999,"failureMessages":[],"meta":{}},{"ancestorTitles":["Performance Monitoring Integration","Request Duration Tracking - Requirement 8.1"],"fullName":"Performance Monitoring Integration Request Duration Tracking - Requirement 8.1 should track duration for requests with multiple queries","status":"passed","title":"should track duration for requests with multiple queries","duration":93.05994699999997,"failureMessages":[],"meta":{}},{"ancestorTitles":["Performance Monitoring Integration","Request Duration Tracking - Requirement 8.1"],"fullName":"Performance Monitoring Integration Request Duration Tracking - Requirement 8.1 should track duration even when no queries are executed","status":"passed","title":"should track duration even when no queries are executed","duration":52.31403,"failureMessages":[],"meta":{}},{"ancestorTitles":["Performance Monitoring Integration","Request Duration Tracking - Requirement 8.1"],"fullName":"Performance Monitoring Integration Request Duration Tracking - Requirement 8.1 should include request metadata in metrics","status":"passed","title":"should include request metadata in metrics","duration":2.9752750000000106,"failureMessages":[],"meta":{}},{"ancestorTitles":["Performance Monitoring Integration","Full Request Lifecycle"],"fullName":"Performance Monitoring Integration Full Request Lifecycle should track complete request lifecycle with mixed query performance","status":"passed","title":"should track complete request lifecycle with mixed query performance","duration":44.92474899999979,"failureMessages":[],"meta":{}},{"ancestorTitles":["Performance Monitoring Integration","Full Request Lifecycle"],"fullName":"Performance Monitoring Integration Full Request Lifecycle should handle concurrent requests independently","status":"passed","title":"should handle concurrent requests independently","duration":53.89737200000013,"failureMessages":[],"meta":{}},{"ancestorTitles":["Performance Monitoring Integration","Full Request Lifecycle"],"fullName":"Performance Monitoring Integration Full Request Lifecycle should clean up metrics after request ends","status":"passed","title":"should clean up metrics after request ends","duration":1.5421649999998408,"failureMessages":[],"meta":{}},{"ancestorTitles":["Performance Monitoring Integration","Edge Cases"],"fullName":"Performance Monitoring Integration Edge Cases should handle queries recorded for non-existent request","status":"passed","title":"should handle queries recorded for non-existent request","duration":0.39918199999988246,"failureMessages":[],"meta":{}},{"ancestorTitles":["Performance Monitoring Integration","Edge Cases"],"fullName":"Performance Monitoring Integration Edge Cases should handle ending non-existent request","status":"passed","title":"should handle ending non-existent request","duration":6.8044179999999415,"failureMessages":[],"meta":{}},{"ancestorTitles":["Performance Monitoring Integration","Edge Cases"],"fullName":"Performance Monitoring Integration Edge Cases should handle getting metrics for non-existent request","status":"passed","title":"should handle getting metrics for non-existent request","duration":2.5411079999998947,"failureMessages":[],"meta":{}},{"ancestorTitles":["Performance Monitoring Integration","Edge Cases"],"fullName":"Performance Monitoring Integration Edge Cases should handle very fast requests (< 1ms)","status":"passed","title":"should handle very fast requests (< 1ms)","duration":0.3815389999999752,"failureMessages":[],"meta":{}},{"ancestorTitles":["Performance Monitoring Integration","Edge Cases"],"fullName":"Performance Monitoring Integration Edge Cases should handle requests with many queries","status":"passed","title":"should handle requests with many queries","duration":0.5914750000001732,"failureMessages":[],"meta":{}},{"ancestorTitles":["Performance Monitoring Integration","Edge Cases"],"fullName":"Performance Monitoring Integration Edge Cases should handle requests with all slow queries","status":"passed","title":"should handle requests with all slow queries","duration":3.5078779999998915,"failureMessages":[],"meta":{}},{"ancestorTitles":["Performance Monitoring Integration","Performance Thresholds"],"fullName":"Performance Monitoring Integration Performance Thresholds should correctly identify threshold boundary at 100ms","status":"passed","title":"should correctly identify threshold boundary at 100ms","duration":0.5640319999999974,"failureMessages":[],"meta":{}},{"ancestorTitles":["Performance Monitoring Integration","Performance Thresholds"],"fullName":"Performance Monitoring Integration Performance Thresholds should handle extremely slow queries","status":"passed","title":"should handle extremely slow queries","duration":0.7636990000000878,"failureMessages":[],"meta":{}}],"startTime":1775688138610,"endTime":1775688138994.7637,"status":"passed","message":"","name":"/var/home/pc/Área de trabalho/Dev/RegCheck/.claude/worktrees/romantic-lumiere/apps/api/src/lib/__tests__/performance-monitoring.integration.test.ts"},{"assertionResults":[{"ancestorTitles":["PerformanceMonitor","startRequest"],"fullName":"PerformanceMonitor startRequest should start tracking a request","status":"passed","title":"should start tracking a request","duration":7.400331000000051,"failureMessages":[],"meta":{}},{"ancestorTitles":["PerformanceMonitor","recordQuery"],"fullName":"PerformanceMonitor recordQuery should increment query count","status":"passed","title":"should increment query count","duration":0.7416769999999815,"failureMessages":[],"meta":{}},{"ancestorTitles":["PerformanceMonitor","recordQuery"],"fullName":"PerformanceMonitor recordQuery should not log fast queries","status":"passed","title":"should not log fast queries","duration":3.1269509999999627,"failureMessages":[],"meta":{}},{"ancestorTitles":["PerformanceMonitor","recordQuery"],"fullName":"PerformanceMonitor recordQuery should log slow queries (> 100ms)","status":"passed","title":"should log slow queries (> 100ms)","duration":4.52188799999999,"failureMessages":[],"meta":{}},{"ancestorTitles":["PerformanceMonitor","recordQuery"],"fullName":"PerformanceMonitor recordQuery should include query parameters in slow query log","status":"passed","title":"should include query parameters in slow query log","duration":1.454800999999975,"failureMessages":[],"meta":{}},{"ancestorTitles":["PerformanceMonitor","recordQuery"],"fullName":"PerformanceMonitor recordQuery should track multiple queries","status":"passed","title":"should track multiple queries","duration":0.7839069999999992,"failureMessages":[],"meta":{}},{"ancestorTitles":["PerformanceMonitor","recordQuery"],"fullName":"PerformanceMonitor recordQuery should handle queries for non-existent request gracefully","status":"passed","title":"should handle queries for non-existent request gracefully","duration":0.5486829999999827,"failureMessages":[],"meta":{}},{"ancestorTitles":["PerformanceMonitor","endRequest"],"fullName":"PerformanceMonitor endRequest should return metrics and clean up","status":"passed","title":"should return metrics and clean up","duration":0.9620729999999185,"failureMessages":[],"meta":{}},{"ancestorTitles":["PerformanceMonitor","endRequest"],"fullName":"PerformanceMonitor endRequest should return null for non-existent request","status":"passed","title":"should return null for non-existent request","duration":0.6841790000000856,"failureMessages":[],"meta":{}},{"ancestorTitles":["PerformanceMonitor","endRequest"],"fullName":"PerformanceMonitor endRequest should calculate duration correctly","status":"passed","title":"should calculate duration correctly","duration":53.74980400000004,"failureMessages":[],"meta":{}},{"ancestorTitles":["PerformanceMonitor","getMetrics"],"fullName":"PerformanceMonitor getMetrics should return current metrics without ending tracking","status":"passed","title":"should return current metrics without ending tracking","duration":0.8492400000000089,"failureMessages":[],"meta":{}},{"ancestorTitles":["PerformanceMonitor","getMetrics"],"fullName":"PerformanceMonitor getMetrics should return null for non-existent request","status":"passed","title":"should return null for non-existent request","duration":0.3456710000000385,"failureMessages":[],"meta":{}},{"ancestorTitles":["PerformanceMonitor","slow query threshold"],"fullName":"PerformanceMonitor slow query threshold should log queries at exactly 101ms as slow","status":"passed","title":"should log queries at exactly 101ms as slow","duration":0.8427279999999655,"failureMessages":[],"meta":{}},{"ancestorTitles":["PerformanceMonitor","slow query threshold"],"fullName":"PerformanceMonitor slow query threshold should not log queries at exactly 100ms as slow","status":"passed","title":"should not log queries at exactly 100ms as slow","duration":0.9879310000000032,"failureMessages":[],"meta":{}},{"ancestorTitles":["PerformanceMonitor","concurrent requests"],"fullName":"PerformanceMonitor concurrent requests should track multiple requests independently","status":"passed","title":"should track multiple requests independently","duration":1.0444870000000037,"failureMessages":[],"meta":{}}],"startTime":1775688138614,"endTime":1775688138694.0444,"status":"passed","message":"","name":"/var/home/pc/Área de trabalho/Dev/RegCheck/.claude/worktrees/romantic-lumiere/apps/api/src/lib/__tests__/performance.test.ts"},{"assertionResults":[],"startTime":1775688137711,"endTime":1775688137711,"status":"failed","message":"Cannot find module '.prisma/client/default'\nRequire stack:\n- /var/home/pc/Área de trabalho/Dev/RegCheck/.claude/worktrees/romantic-lumiere/node_modules/.pnpm/@prisma+client@5.22.0_prisma@5.22.0/node_modules/@prisma/client/default.js","name":"/var/home/pc/Área de trabalho/Dev/RegCheck/.claude/worktrees/romantic-lumiere/apps/api/src/lib/__tests__/prisma-query-logger.test.ts"},{"assertionResults":[],"startTime":1775688137711,"endTime":1775688137711,"status":"failed","message":"redis.on is not a function","name":"/var/home/pc/Área de trabalho/Dev/RegCheck/.claude/worktrees/romantic-lumiere/apps/api/src/routes/__tests__/documents.delete.property.test.ts"},{"assertionResults":[],"startTime":1775688137711,"endTime":1775688137711,"status":"failed","message":"redis.on is not a function","name":"/var/home/pc/Área de trabalho/Dev/RegCheck/.claude/worktrees/romantic-lumiere/apps/api/src/routes/__tests__/documents.delete.test.ts"},{"assertionResults":[{"ancestorTitles":["DocumentService - Cache Integration","list()"],"fullName":"DocumentService - Cache Integration list() should use cache with correct key pattern and TTL","status":"passed","title":"should use cache with correct key pattern and TTL","duration":5.074198000000024,"failureMessages":[],"meta":{}},{"ancestorTitles":["DocumentService - Cache Integration","list()"],"fullName":"DocumentService - Cache Integration list() should use different cache keys for different pagination","status":"passed","title":"should use different cache keys for different pagination","duration":0.7827340000000049,"failureMessages":[],"meta":{}},{"ancestorTitles":["DocumentService - Cache Integration","getById()"],"fullName":"DocumentService - Cache Integration getById() should use cache with correct key pattern and TTL","status":"passed","title":"should use cache with correct key pattern and TTL","duration":2.5269200000000183,"failureMessages":[],"meta":{}},{"ancestorTitles":["DocumentService - Cache Integration","create()"],"fullName":"DocumentService - Cache Integration create() should invalidate list cache","status":"passed","title":"should invalidate list cache","duration":0.8867609999999786,"failureMessages":[],"meta":{}},{"ancestorTitles":["DocumentService - Cache Integration","update()"],"fullName":"DocumentService - Cache Integration update() should invalidate list and specific document caches","status":"passed","title":"should invalidate list and specific document caches","duration":1.1154109999999946,"failureMessages":[],"meta":{}},{"ancestorTitles":["DocumentService - Cache Integration","saveFilledData()"],"fullName":"DocumentService - Cache Integration saveFilledData() should invalidate list and specific document caches","status":"passed","title":"should invalidate list and specific document caches","duration":1.0848040000000765,"failureMessages":[],"meta":{}},{"ancestorTitles":["DocumentService - Cache Integration","populate()"],"fullName":"DocumentService - Cache Integration populate() should invalidate list and specific document caches","status":"passed","title":"should invalidate list and specific document caches","duration":1.296581999999944,"failureMessages":[],"meta":{}},{"ancestorTitles":["DocumentService - Cache Integration","delete()"],"fullName":"DocumentService - Cache Integration delete() should invalidate list and specific document caches","status":"passed","title":"should invalidate list and specific document caches","duration":0.8187719999999672,"failureMessages":[],"meta":{}},{"ancestorTitles":["DocumentService - Cache Integration","generatePdf()"],"fullName":"DocumentService - Cache Integration generatePdf() should invalidate list and specific document caches","status":"passed","title":"should invalidate list and specific document caches","duration":0.9405320000000756,"failureMessages":[],"meta":{}}],"startTime":1775688138666,"endTime":1775688138682.9404,"status":"passed","message":"","name":"/var/home/pc/Área de trabalho/Dev/RegCheck/.claude/worktrees/romantic-lumiere/apps/api/src/services/__tests__/document-service-cache.test.ts"},{"assertionResults":[{"ancestorTitles":["DocumentService - Query Optimization","Optimized Select for list() (Requirements 5.3, 5.4)"],"fullName":"DocumentService - Query Optimization Optimized Select for list() (Requirements 5.3, 5.4) should use select instead of include for list queries","status":"passed","title":"should use select instead of include for list queries","duration":3.824353999999971,"failureMessages":[],"meta":{}},{"ancestorTitles":["DocumentService - Query Optimization","Optimized Select for list() (Requirements 5.3, 5.4)"],"fullName":"DocumentService - Query Optimization Optimized Select for list() (Requirements 5.3, 5.4) should select only necessary fields for list view","status":"passed","title":"should select only necessary fields for list view","duration":1.6943209999999453,"failureMessages":[],"meta":{}},{"ancestorTitles":["DocumentService - Query Optimization","Optimized Select for list() (Requirements 5.3, 5.4)"],"fullName":"DocumentService - Query Optimization Optimized Select for list() (Requirements 5.3, 5.4) should not select heavy fields like metadata, generatedPdfKey, templateVersion in list","status":"passed","title":"should not select heavy fields like metadata, generatedPdfKey, templateVersion in list","duration":0.7364379999999073,"failureMessages":[],"meta":{}},{"ancestorTitles":["DocumentService - Query Optimization","Optimized Select for list() (Requirements 5.3, 5.4)"],"fullName":"DocumentService - Query Optimization Optimized Select for list() (Requirements 5.3, 5.4) should use eager loading for template relation","status":"passed","title":"should use eager loading for template relation","duration":0.5455879999999524,"failureMessages":[],"meta":{}},{"ancestorTitles":["DocumentService - Query Optimization","Optimized Select for getById() (Requirements 5.3, 5.4)"],"fullName":"DocumentService - Query Optimization Optimized Select for getById() (Requirements 5.3, 5.4) should use select instead of include for getById queries","status":"passed","title":"should use select instead of include for getById queries","duration":0.9579049999999825,"failureMessages":[],"meta":{}},{"ancestorTitles":["DocumentService - Query Optimization","Optimized Select for getById() (Requirements 5.3, 5.4)"],"fullName":"DocumentService - Query Optimization Optimized Select for getById() (Requirements 5.3, 5.4) should select all necessary fields for detail view","status":"passed","title":"should select all necessary fields for detail view","duration":0.9756680000000415,"failureMessages":[],"meta":{}},{"ancestorTitles":["DocumentService - Query Optimization","Optimized Select for getById() (Requirements 5.3, 5.4)"],"fullName":"DocumentService - Query Optimization Optimized Select for getById() (Requirements 5.3, 5.4) should use eager loading for template relation with nested fields","status":"passed","title":"should use eager loading for template relation with nested fields","duration":0.7388210000000299,"failureMessages":[],"meta":{}},{"ancestorTitles":["DocumentService - Query Optimization","Optimized Select for getById() (Requirements 5.3, 5.4)"],"fullName":"DocumentService - Query Optimization Optimized Select for getById() (Requirements 5.3, 5.4) should use eager loading for pdfFile relation","status":"passed","title":"should use eager loading for pdfFile relation","duration":0.5601149999999961,"failureMessages":[],"meta":{}},{"ancestorTitles":["DocumentService - Query Optimization","Optimized Select for getById() (Requirements 5.3, 5.4)"],"fullName":"DocumentService - Query Optimization Optimized Select for getById() (Requirements 5.3, 5.4) should use eager loading for fields relation with ordering","status":"passed","title":"should use eager loading for fields relation with ordering","duration":0.7358860000000504,"failureMessages":[],"meta":{}},{"ancestorTitles":["DocumentService - Query Optimization","Optimized Select for getById() (Requirements 5.3, 5.4)"],"fullName":"DocumentService - Query Optimization Optimized Select for getById() (Requirements 5.3, 5.4) should use eager loading for filledFields relation","status":"passed","title":"should use eager loading for filledFields relation","duration":0.5953510000000506,"failureMessages":[],"meta":{}},{"ancestorTitles":["DocumentService - Query Optimization","Single Query with JOINs (Requirement 1.5)"],"fullName":"DocumentService - Query Optimization Single Query with JOINs (Requirement 1.5) should fetch document with all relations in a single query","status":"passed","title":"should fetch document with all relations in a single query","duration":0.9526150000000371,"failureMessages":[],"meta":{}}],"startTime":1775688138678,"endTime":1775688138690.9526,"status":"passed","message":"","name":"/var/home/pc/Área de trabalho/Dev/RegCheck/.claude/worktrees/romantic-lumiere/apps/api/src/services/__tests__/document-service-optimization.test.ts"},{"assertionResults":[],"startTime":1775688137711,"endTime":1775688137711,"status":"failed","message":"redis.on is not a function","name":"/var/home/pc/Área de trabalho/Dev/RegCheck/.claude/worktrees/romantic-lumiere/apps/api/src/services/__tests__/document-service.delete.property.test.ts"},{"assertionResults":[{"ancestorTitles":["EquipamentoService - Cache Integration","list()"],"fullName":"EquipamentoService - Cache Integration list() should use cache with correct key pattern and TTL","status":"passed","title":"should use cache with correct key pattern and TTL","duration":4.803128000000015,"failureMessages":[],"meta":{}},{"ancestorTitles":["EquipamentoService - Cache Integration","list()"],"fullName":"EquipamentoService - Cache Integration list() should use different cache keys for different pagination","status":"passed","title":"should use different cache keys for different pagination","duration":0.7022830000000795,"failureMessages":[],"meta":{}},{"ancestorTitles":["EquipamentoService - Cache Integration","list()"],"fullName":"EquipamentoService - Cache Integration list() should use different cache keys for different filters","status":"passed","title":"should use different cache keys for different filters","duration":0.43110200000000987,"failureMessages":[],"meta":{}},{"ancestorTitles":["EquipamentoService - Cache Integration","getById()"],"fullName":"EquipamentoService - Cache Integration getById() should use cache with correct key pattern and TTL","status":"passed","title":"should use cache with correct key pattern and TTL","duration":1.7948109999999815,"failureMessages":[],"meta":{}},{"ancestorTitles":["EquipamentoService - Cache Integration","create()"],"fullName":"EquipamentoService - Cache Integration create() should invalidate list caches","status":"passed","title":"should invalidate list caches","duration":1.5269670000000133,"failureMessages":[],"meta":{}},{"ancestorTitles":["EquipamentoService - Cache Integration","update()"],"fullName":"EquipamentoService - Cache Integration update() should invalidate list and specific equipamento caches","status":"passed","title":"should invalidate list and specific equipamento caches","duration":0.8255649999999832,"failureMessages":[],"meta":{}},{"ancestorTitles":["EquipamentoService - Cache Integration","delete()"],"fullName":"EquipamentoService - Cache Integration delete() should invalidate list and specific equipamento caches","status":"passed","title":"should invalidate list and specific equipamento caches","duration":0.47562599999992017,"failureMessages":[],"meta":{}}],"startTime":1775688138674,"endTime":1775688138685.4756,"status":"passed","message":"","name":"/var/home/pc/Área de trabalho/Dev/RegCheck/.claude/worktrees/romantic-lumiere/apps/api/src/services/__tests__/equipamento-service-cache.test.ts"},{"assertionResults":[{"ancestorTitles":["EquipamentoService - Query Optimization","Pagination Limit (Requirement 5.2)"],"fullName":"EquipamentoService - Query Optimization Pagination Limit (Requirement 5.2) should enforce max page size of 100 items","status":"passed","title":"should enforce max page size of 100 items","duration":6.71880699999997,"failureMessages":[],"meta":{}},{"ancestorTitles":["EquipamentoService - Query Optimization","Pagination Limit (Requirement 5.2)"],"fullName":"EquipamentoService - Query Optimization Pagination Limit (Requirement 5.2) should allow page sizes under 100","status":"passed","title":"should allow page sizes under 100","duration":0.7820930000000317,"failureMessages":[],"meta":{}},{"ancestorTitles":["EquipamentoService - Query Optimization","Pagination Limit (Requirement 5.2)"],"fullName":"EquipamentoService - Query Optimization Pagination Limit (Requirement 5.2) should return effective page size in response","status":"passed","title":"should return effective page size in response","duration":0.8412849999999708,"failureMessages":[],"meta":{}},{"ancestorTitles":["EquipamentoService - Query Optimization","Optimized Select (Requirements 5.3, 5.4)"],"fullName":"EquipamentoService - Query Optimization Optimized Select (Requirements 5.3, 5.4) should use select instead of include for list queries","status":"passed","title":"should use select instead of include for list queries","duration":1.891913000000045,"failureMessages":[],"meta":{}},{"ancestorTitles":["EquipamentoService - Query Optimization","Optimized Select (Requirements 5.3, 5.4)"],"fullName":"EquipamentoService - Query Optimization Optimized Select (Requirements 5.3, 5.4) should use select for getById queries","status":"passed","title":"should use select for getById queries","duration":1.4863899999999148,"failureMessages":[],"meta":{}},{"ancestorTitles":["EquipamentoService - Query Optimization","Optimized Select (Requirements 5.3, 5.4)"],"fullName":"EquipamentoService - Query Optimization Optimized Select (Requirements 5.3, 5.4) should select only necessary fields from relations","status":"passed","title":"should select only necessary fields from relations","duration":0.879126000000042,"failureMessages":[],"meta":{}},{"ancestorTitles":["EquipamentoService - Query Optimization","Single Query with JOINs (Requirement 1.5)"],"fullName":"EquipamentoService - Query Optimization Single Query with JOINs (Requirement 1.5) should fetch equipamentos with relations in a single query","status":"passed","title":"should fetch equipamentos with relations in a single query","duration":1.658143999999993,"failureMessages":[],"meta":{}}],"startTime":1775688138668,"endTime":1775688138683.6582,"status":"passed","message":"","name":"/var/home/pc/Área de trabalho/Dev/RegCheck/.claude/worktrees/romantic-lumiere/apps/api/src/services/__tests__/equipamento-service-optimization.test.ts"},{"assertionResults":[{"ancestorTitles":["LojaService - Cache Integration","list()"],"fullName":"LojaService - Cache Integration list() should use cache with correct key pattern and TTL","status":"passed","title":"should use cache with correct key pattern and TTL","duration":5.589680000000044,"failureMessages":[],"meta":{}},{"ancestorTitles":["LojaService - Cache Integration","list()"],"fullName":"LojaService - Cache Integration list() should use different cache keys for different pagination","status":"passed","title":"should use different cache keys for different pagination","duration":0.7871219999999539,"failureMessages":[],"meta":{}},{"ancestorTitles":["LojaService - Cache Integration","getById()"],"fullName":"LojaService - Cache Integration getById() should use cache with correct key pattern and TTL","status":"passed","title":"should use cache with correct key pattern and TTL","duration":0.7570759999999837,"failureMessages":[],"meta":{}},{"ancestorTitles":["LojaService - Cache Integration","create()"],"fullName":"LojaService - Cache Integration create() should invalidate list and active caches","status":"passed","title":"should invalidate list and active caches","duration":1.7536139999999705,"failureMessages":[],"meta":{}},{"ancestorTitles":["LojaService - Cache Integration","update()"],"fullName":"LojaService - Cache Integration update() should invalidate list, active, and specific loja caches","status":"passed","title":"should invalidate list, active, and specific loja caches","duration":0.9882619999999633,"failureMessages":[],"meta":{}},{"ancestorTitles":["LojaService - Cache Integration","toggleActive()"],"fullName":"LojaService - Cache Integration toggleActive() should invalidate list, active, and specific loja caches","status":"passed","title":"should invalidate list, active, and specific loja caches","duration":1.011765999999966,"failureMessages":[],"meta":{}},{"ancestorTitles":["LojaService - Cache Integration","delete()"],"fullName":"LojaService - Cache Integration delete() should invalidate list, active, and specific loja caches","status":"passed","title":"should invalidate list, active, and specific loja caches","duration":1.6292989999999463,"failureMessages":[],"meta":{}}],"startTime":1775688139624,"endTime":1775688139638.6294,"status":"passed","message":"","name":"/var/home/pc/Área de trabalho/Dev/RegCheck/.claude/worktrees/romantic-lumiere/apps/api/src/services/__tests__/loja-service-cache.test.ts"},{"assertionResults":[],"startTime":1775688137711,"endTime":1775688137711,"status":"failed","message":"Cannot find module '.prisma/client/default'\nRequire stack:\n- /var/home/pc/Área de trabalho/Dev/RegCheck/.claude/worktrees/romantic-lumiere/node_modules/.pnpm/@prisma+client@5.22.0_prisma@5.22.0/node_modules/@prisma/client/default.js","name":"/var/home/pc/Área de trabalho/Dev/RegCheck/.claude/worktrees/romantic-lumiere/apps/api/src/services/__tests__/services-cache.integration.test.ts"},{"assertionResults":[{"ancestorTitles":["SetorService - Cache Integration","list()"],"fullName":"SetorService - Cache Integration list() should use cache with correct key pattern and TTL","status":"passed","title":"should use cache with correct key pattern and TTL","duration":7.08614799999998,"failureMessages":[],"meta":{}},{"ancestorTitles":["SetorService - Cache Integration","list()"],"fullName":"SetorService - Cache Integration list() should use different cache keys for different pagination","status":"passed","title":"should use different cache keys for different pagination","duration":0.9732040000000097,"failureMessages":[],"meta":{}},{"ancestorTitles":["SetorService - Cache Integration","listActive()"],"fullName":"SetorService - Cache Integration listActive() should use cache with correct key and TTL","status":"passed","title":"should use cache with correct key and TTL","duration":0.9577040000000352,"failureMessages":[],"meta":{}},{"ancestorTitles":["SetorService - Cache Integration","getById()"],"fullName":"SetorService - Cache Integration getById() should use cache with correct key pattern and TTL","status":"passed","title":"should use cache with correct key pattern and TTL","duration":0.8147740000000567,"failureMessages":[],"meta":{}},{"ancestorTitles":["SetorService - Cache Integration","create()"],"fullName":"SetorService - Cache Integration create() should invalidate list and active caches","status":"passed","title":"should invalidate list and active caches","duration":1.3280809999999974,"failureMessages":[],"meta":{}},{"ancestorTitles":["SetorService - Cache Integration","update()"],"fullName":"SetorService - Cache Integration update() should invalidate list, active, and specific setor caches","status":"passed","title":"should invalidate list, active, and specific setor caches","duration":1.0449979999999641,"failureMessages":[],"meta":{}},{"ancestorTitles":["SetorService - Cache Integration","toggleActive()"],"fullName":"SetorService - Cache Integration toggleActive() should invalidate list, active, and specific setor caches","status":"passed","title":"should invalidate list, active, and specific setor caches","duration":1.0154529999999795,"failureMessages":[],"meta":{}},{"ancestorTitles":["SetorService - Cache Integration","delete()"],"fullName":"SetorService - Cache Integration delete() should invalidate list, active, and specific setor caches","status":"passed","title":"should invalidate list, active, and specific setor caches","duration":0.7970820000000458,"failureMessages":[],"meta":{}}],"startTime":1775688139631,"endTime":1775688139646.797,"status":"passed","message":"","name":"/var/home/pc/Área de trabalho/Dev/RegCheck/.claude/worktrees/romantic-lumiere/apps/api/src/services/__tests__/setor-service-cache.test.ts"},{"assertionResults":[{"ancestorTitles":["TemplateService - Cache Integration","list()"],"fullName":"TemplateService - Cache Integration list() should use cache with correct key pattern and TTL","status":"passed","title":"should use cache with correct key pattern and TTL","duration":4.114822000000004,"failureMessages":[],"meta":{}},{"ancestorTitles":["TemplateService - Cache Integration","list()"],"fullName":"TemplateService - Cache Integration list() should use different cache keys for different pagination","status":"passed","title":"should use different cache keys for different pagination","duration":0.6660339999999678,"failureMessages":[],"meta":{}},{"ancestorTitles":["TemplateService - Cache Integration","getById()"],"fullName":"TemplateService - Cache Integration getById() should use cache with correct key pattern and TTL","status":"passed","title":"should use cache with correct key pattern and TTL","duration":2.103672999999958,"failureMessages":[],"meta":{}},{"ancestorTitles":["TemplateService - Cache Integration","create()"],"fullName":"TemplateService - Cache Integration create() should invalidate list caches","status":"passed","title":"should invalidate list caches","duration":0.7304759999999533,"failureMessages":[],"meta":{}},{"ancestorTitles":["TemplateService - Cache Integration","update()"],"fullName":"TemplateService - Cache Integration update() should invalidate list and specific template caches","status":"passed","title":"should invalidate list and specific template caches","duration":1.093849999999975,"failureMessages":[],"meta":{}},{"ancestorTitles":["TemplateService - Cache Integration","publish()"],"fullName":"TemplateService - Cache Integration publish() should invalidate list and specific template caches","status":"passed","title":"should invalidate list and specific template caches","duration":0.9421650000000454,"failureMessages":[],"meta":{}},{"ancestorTitles":["TemplateService - Cache Integration","delete()"],"fullName":"TemplateService - Cache Integration delete() should invalidate list and specific template caches","status":"passed","title":"should invalidate list and specific template caches","duration":0.6646220000000085,"failureMessages":[],"meta":{}}],"startTime":1775688138684,"endTime":1775688138694.6646,"status":"passed","message":"","name":"/var/home/pc/Área de trabalho/Dev/RegCheck/.claude/worktrees/romantic-lumiere/apps/api/src/services/__tests__/template-service-cache.test.ts"},{"assertionResults":[{"ancestorTitles":["TemplateService - Query Optimization","list() - Query Optimization"],"fullName":"TemplateService - Query Optimization list() - Query Optimization should use select to limit fields from pdfFile","status":"passed","title":"should use select to limit fields from pdfFile","duration":7.949083999999971,"failureMessages":[],"meta":{}},{"ancestorTitles":["TemplateService - Query Optimization","list() - Query Optimization"],"fullName":"TemplateService - Query Optimization list() - Query Optimization should return only necessary fields in the response","status":"passed","title":"should return only necessary fields in the response","duration":1.8737200000000485,"failureMessages":[],"meta":{}},{"ancestorTitles":["TemplateService - Query Optimization","getById() - Eager Loading"],"fullName":"TemplateService - Query Optimization getById() - Eager Loading should use include for eager loading of relations","status":"passed","title":"should use include for eager loading of relations","duration":1.7423630000000685,"failureMessages":[],"meta":{}},{"ancestorTitles":["TemplateService - Query Optimization","getById() - Eager Loading"],"fullName":"TemplateService - Query Optimization getById() - Eager Loading should return template with all related data in single query","status":"passed","title":"should return template with all related data in single query","duration":1.375581000000011,"failureMessages":[],"meta":{}}],"startTime":1775688138675,"endTime":1775688138688.3755,"status":"passed","message":"","name":"/var/home/pc/Área de trabalho/Dev/RegCheck/.claude/worktrees/romantic-lumiere/apps/api/src/services/__tests__/template-service-optimization.test.ts"},{"assertionResults":[{"ancestorTitles":["TipoEquipamentoService - Cache Integration","list()"],"fullName":"TipoEquipamentoService - Cache Integration list() should use cache with correct key pattern and TTL","status":"passed","title":"should use cache with correct key pattern and TTL","duration":6.904898000000003,"failureMessages":[],"meta":{}},{"ancestorTitles":["TipoEquipamentoService - Cache Integration","list()"],"fullName":"TipoEquipamentoService - Cache Integration list() should use different cache keys for different pagination","status":"passed","title":"should use different cache keys for different pagination","duration":0.857845999999995,"failureMessages":[],"meta":{}},{"ancestorTitles":["TipoEquipamentoService - Cache Integration","listActive()"],"fullName":"TipoEquipamentoService - Cache Integration listActive() should use cache with correct key and TTL","status":"passed","title":"should use cache with correct key and TTL","duration":0.8958579999999756,"failureMessages":[],"meta":{}},{"ancestorTitles":["TipoEquipamentoService - Cache Integration","getById()"],"fullName":"TipoEquipamentoService - Cache Integration getById() should use cache with correct key pattern and TTL","status":"passed","title":"should use cache with correct key pattern and TTL","duration":1.0503889999999956,"failureMessages":[],"meta":{}},{"ancestorTitles":["TipoEquipamentoService - Cache Integration","create()"],"fullName":"TipoEquipamentoService - Cache Integration create() should invalidate list and active caches","status":"passed","title":"should invalidate list and active caches","duration":1.282395000000065,"failureMessages":[],"meta":{}},{"ancestorTitles":["TipoEquipamentoService - Cache Integration","update()"],"fullName":"TipoEquipamentoService - Cache Integration update() should invalidate list, active, and specific tipo caches","status":"passed","title":"should invalidate list, active, and specific tipo caches","duration":1.2618570000000773,"failureMessages":[],"meta":{}},{"ancestorTitles":["TipoEquipamentoService - Cache Integration","toggleActive()"],"fullName":"TipoEquipamentoService - Cache Integration toggleActive() should invalidate list, active, and specific tipo caches","status":"passed","title":"should invalidate list, active, and specific tipo caches","duration":0.903632000000016,"failureMessages":[],"meta":{}},{"ancestorTitles":["TipoEquipamentoService - Cache Integration","delete()"],"fullName":"TipoEquipamentoService - Cache Integration delete() should invalidate list, active, and specific tipo caches","status":"passed","title":"should invalidate list, active, and specific tipo caches","duration":3.1446640000000343,"failureMessages":[],"meta":{}}],"startTime":1775688139570,"endTime":1775688139587.1448,"status":"passed","message":"","name":"/var/home/pc/Área de trabalho/Dev/RegCheck/.claude/worktrees/romantic-lumiere/apps/api/src/services/__tests__/tipo-equipamento-service-cache.test.ts"},{"assertionResults":[{"ancestorTitles":["cacheMiddleware integration"],"fullName":"cacheMiddleware integration should cache GET responses and return X-Cache headers","status":"failed","title":"should cache GET responses and return X-Cache headers","duration":1457.5157749999998,"failureMessages":["MaxRetriesPerRequestError: Reached the max retries per request limit (which is 3). Refer to \"maxRetriesPerRequest\" option for details.\n    at Socket.<anonymous> (/var/home/pc/Área de trabalho/Dev/RegCheck/.claude/worktrees/romantic-lumiere/node_modules/.pnpm/ioredis@5.10.1/node_modules/ioredis/built/redis/event_handler.js:207:37)\n    at Object.onceWrapper (node:events:631:12)\n    at Socket.emit (node:events:509:20)\n    at TCP.<anonymous> (node:net:350:12)","MaxRetriesPerRequestError: Reached the max retries per request limit (which is 3). Refer to \"maxRetriesPerRequest\" option for details.\n    at Socket.<anonymous> (/var/home/pc/Área de trabalho/Dev/RegCheck/.claude/worktrees/romantic-lumiere/node_modules/.pnpm/ioredis@5.10.1/node_modules/ioredis/built/redis/event_handler.js:207:37)\n    at Object.onceWrapper (node:events:631:12)\n    at Socket.emit (node:events:509:20)\n    at TCP.<anonymous> (node:net:350:12)"],"meta":{}},{"ancestorTitles":["cacheMiddleware integration"],"fullName":"cacheMiddleware integration should cache responses with query parameters separately","status":"failed","title":"should cache responses with query parameters separately","duration":4611.999056999999,"failureMessages":["MaxRetriesPerRequestError: Reached the max retries per request limit (which is 3). Refer to \"maxRetriesPerRequest\" option for details.\n    at Socket.<anonymous> (/var/home/pc/Área de trabalho/Dev/RegCheck/.claude/worktrees/romantic-lumiere/node_modules/.pnpm/ioredis@5.10.1/node_modules/ioredis/built/redis/event_handler.js:207:37)\n    at Object.onceWrapper (node:events:631:12)\n    at Socket.emit (node:events:509:20)\n    at TCP.<anonymous> (node:net:350:12)","MaxRetriesPerRequestError: Reached the max retries per request limit (which is 3). Refer to \"maxRetriesPerRequest\" option for details.\n    at Socket.<anonymous> (/var/home/pc/Área de trabalho/Dev/RegCheck/.claude/worktrees/romantic-lumiere/node_modules/.pnpm/ioredis@5.10.1/node_modules/ioredis/built/redis/event_handler.js:207:37)\n    at Object.onceWrapper (node:events:631:12)\n    at Socket.emit (node:events:509:20)\n    at TCP.<anonymous> (node:net:350:12)"],"meta":{}},{"ancestorTitles":["cacheMiddleware integration"],"fullName":"cacheMiddleware integration should not cache POST requests","status":"failed","title":"should not cache POST requests","duration":7809.324253,"failureMessages":["MaxRetriesPerRequestError: Reached the max retries per request limit (which is 3). Refer to \"maxRetriesPerRequest\" option for details.\n    at Socket.<anonymous> (/var/home/pc/Área de trabalho/Dev/RegCheck/.claude/worktrees/romantic-lumiere/node_modules/.pnpm/ioredis@5.10.1/node_modules/ioredis/built/redis/event_handler.js:207:37)\n    at Object.onceWrapper (node:events:631:12)\n    at Socket.emit (node:events:509:20)\n    at TCP.<anonymous> (node:net:350:12)","MaxRetriesPerRequestError: Reached the max retries per request limit (which is 3). Refer to \"maxRetriesPerRequest\" option for details.\n    at Socket.<anonymous> (/var/home/pc/Área de trabalho/Dev/RegCheck/.claude/worktrees/romantic-lumiere/node_modules/.pnpm/ioredis@5.10.1/node_modules/ioredis/built/redis/event_handler.js:207:37)\n    at Object.onceWrapper (node:events:631:12)\n    at Socket.emit (node:events:509:20)\n    at TCP.<anonymous> (node:net:350:12)"],"meta":{}},{"ancestorTitles":["cacheMiddleware integration"],"fullName":"cacheMiddleware integration should not cache error responses by default","status":"failed","title":"should not cache error responses by default","duration":11008.86334,"failureMessages":["MaxRetriesPerRequestError: Reached the max retries per request limit (which is 3). Refer to \"maxRetriesPerRequest\" option for details.\n    at Socket.<anonymous> (/var/home/pc/Área de trabalho/Dev/RegCheck/.claude/worktrees/romantic-lumiere/node_modules/.pnpm/ioredis@5.10.1/node_modules/ioredis/built/redis/event_handler.js:207:37)\n    at Object.onceWrapper (node:events:631:12)\n    at Socket.emit (node:events:509:20)\n    at TCP.<anonymous> (node:net:350:12)","MaxRetriesPerRequestError: Reached the max retries per request limit (which is 3). Refer to \"maxRetriesPerRequest\" option for details.\n    at Socket.<anonymous> (/var/home/pc/Área de trabalho/Dev/RegCheck/.claude/worktrees/romantic-lumiere/node_modules/.pnpm/ioredis@5.10.1/node_modules/ioredis/built/redis/event_handler.js:207:37)\n    at Object.onceWrapper (node:events:631:12)\n    at Socket.emit (node:events:509:20)\n    at TCP.<anonymous> (node:net:350:12)"],"meta":{}},{"ancestorTitles":["cacheMiddleware integration"],"fullName":"cacheMiddleware integration should use custom key generator","status":"failed","title":"should use custom key generator","duration":14218.467529000005,"failureMessages":["MaxRetriesPerRequestError: Reached the max retries per request limit (which is 3). Refer to \"maxRetriesPerRequest\" option for details.\n    at Socket.<anonymous> (/var/home/pc/Área de trabalho/Dev/RegCheck/.claude/worktrees/romantic-lumiere/node_modules/.pnpm/ioredis@5.10.1/node_modules/ioredis/built/redis/event_handler.js:207:37)\n    at Object.onceWrapper (node:events:631:12)\n    at Socket.emit (node:events:509:20)\n    at TCP.<anonymous> (node:net:350:12)","MaxRetriesPerRequestError: Reached the max retries per request limit (which is 3). Refer to \"maxRetriesPerRequest\" option for details.\n    at Socket.<anonymous> (/var/home/pc/Área de trabalho/Dev/RegCheck/.claude/worktrees/romantic-lumiere/node_modules/.pnpm/ioredis@5.10.1/node_modules/ioredis/built/redis/event_handler.js:207:37)\n    at Object.onceWrapper (node:events:631:12)\n    at Socket.emit (node:events:509:20)\n    at TCP.<anonymous> (node:net:350:12)"],"meta":{}},{"ancestorTitles":["cacheMiddleware integration"],"fullName":"cacheMiddleware integration should respect custom shouldCache function","status":"failed","title":"should respect custom shouldCache function","duration":16017.766747000001,"failureMessages":["MaxRetriesPerRequestError: Reached the max retries per request limit (which is 3). Refer to \"maxRetriesPerRequest\" option for details.\n    at Socket.<anonymous> (/var/home/pc/Área de trabalho/Dev/RegCheck/.claude/worktrees/romantic-lumiere/node_modules/.pnpm/ioredis@5.10.1/node_modules/ioredis/built/redis/event_handler.js:207:37)\n    at Object.onceWrapper (node:events:631:12)\n    at Socket.emit (node:events:509:20)\n    at TCP.<anonymous> (node:net:350:12)","MaxRetriesPerRequestError: Reached the max retries per request limit (which is 3). Refer to \"maxRetriesPerRequest\" option for details.\n    at Socket.<anonymous> (/var/home/pc/Área de trabalho/Dev/RegCheck/.claude/worktrees/romantic-lumiere/node_modules/.pnpm/ioredis@5.10.1/node_modules/ioredis/built/redis/event_handler.js:207:37)\n    at Object.onceWrapper (node:events:631:12)\n    at Socket.emit (node:events:509:20)\n    at TCP.<anonymous> (node:net:350:12)"],"meta":{}},{"ancestorTitles":["cacheMiddleware integration"],"fullName":"cacheMiddleware integration should handle Redis unavailability gracefully","status":"failed","title":"should handle Redis unavailability gracefully","duration":16020.556893,"failureMessages":["MaxRetriesPerRequestError: Reached the max retries per request limit (which is 3). Refer to \"maxRetriesPerRequest\" option for details.\n    at Socket.<anonymous> (/var/home/pc/Área de trabalho/Dev/RegCheck/.claude/worktrees/romantic-lumiere/node_modules/.pnpm/ioredis@5.10.1/node_modules/ioredis/built/redis/event_handler.js:207:37)\n    at Object.onceWrapper (node:events:631:12)\n    at Socket.emit (node:events:509:20)\n    at TCP.<anonymous> (node:net:350:12)","MaxRetriesPerRequestError: Reached the max retries per request limit (which is 3). Refer to \"maxRetriesPerRequest\" option for details.\n    at Socket.<anonymous> (/var/home/pc/Área de trabalho/Dev/RegCheck/.claude/worktrees/romantic-lumiere/node_modules/.pnpm/ioredis@5.10.1/node_modules/ioredis/built/redis/event_handler.js:207:37)\n    at Object.onceWrapper (node:events:631:12)\n    at Socket.emit (node:events:509:20)\n    at TCP.<anonymous> (node:net:350:12)"],"meta":{}}],"startTime":1775688138918,"endTime":1775688210063.557,"status":"failed","message":"","name":"/var/home/pc/Área de trabalho/Dev/RegCheck/.claude/worktrees/romantic-lumiere/apps/api/src/middleware/__tests__/cache-middleware.integration.test.ts"},{"assertionResults":[{"ancestorTitles":["cacheMiddleware"],"fullName":"cacheMiddleware should only cache GET requests","status":"passed","title":"should only cache GET requests","duration":4.535894999999982,"failureMessages":[],"meta":{}},{"ancestorTitles":["cacheMiddleware"],"fullName":"cacheMiddleware should return cached response with X-Cache: HIT header","status":"passed","title":"should return cached response with X-Cache: HIT header","duration":4.493123999999966,"failureMessages":[],"meta":{}},{"ancestorTitles":["cacheMiddleware"],"fullName":"cacheMiddleware should set X-Cache: MISS header on cache miss","status":"passed","title":"should set X-Cache: MISS header on cache miss","duration":0.8443910000000869,"failureMessages":[],"meta":{}},{"ancestorTitles":["cacheMiddleware"],"fullName":"cacheMiddleware should cache response on cache miss","status":"passed","title":"should cache response on cache miss","duration":1.1058739999999716,"failureMessages":[],"meta":{}},{"ancestorTitles":["cacheMiddleware"],"fullName":"cacheMiddleware should use custom key generator","status":"passed","title":"should use custom key generator","duration":0.750513000000069,"failureMessages":[],"meta":{}},{"ancestorTitles":["cacheMiddleware"],"fullName":"cacheMiddleware should include query parameters in default cache key","status":"passed","title":"should include query parameters in default cache key","duration":4.912184000000025,"failureMessages":[],"meta":{}},{"ancestorTitles":["cacheMiddleware"],"fullName":"cacheMiddleware should not cache when shouldCache returns false","status":"passed","title":"should not cache when shouldCache returns false","duration":0.7984839999999167,"failureMessages":[],"meta":{}},{"ancestorTitles":["cacheMiddleware"],"fullName":"cacheMiddleware should only cache successful responses by default","status":"passed","title":"should only cache successful responses by default","duration":2.754648999999972,"failureMessages":[],"meta":{}},{"ancestorTitles":["cacheMiddleware"],"fullName":"cacheMiddleware should handle cache service errors gracefully","status":"passed","title":"should handle cache service errors gracefully","duration":20.411961999999903,"failureMessages":[],"meta":{}},{"ancestorTitles":["cacheMiddleware"],"fullName":"cacheMiddleware should use custom TTL","status":"passed","title":"should use custom TTL","duration":2.812738999999965,"failureMessages":[],"meta":{}}],"startTime":1775688138649,"endTime":1775688138692.8127,"status":"passed","message":"","name":"/var/home/pc/Área de trabalho/Dev/RegCheck/.claude/worktrees/romantic-lumiere/apps/api/src/middleware/__tests__/cache-middleware.test.ts"},{"assertionResults":[],"startTime":1775688137711,"endTime":1775688137711,"status":"failed","message":"Cannot find module '.prisma/client/default'\nRequire stack:\n- /var/home/pc/Área de trabalho/Dev/RegCheck/.claude/worktrees/romantic-lumiere/node_modules/.pnpm/@prisma+client@5.22.0_prisma@5.22.0/node_modules/@prisma/client/default.js","name":"/var/home/pc/Área de trabalho/Dev/RegCheck/.claude/worktrees/romantic-lumiere/apps/api/src/middleware/__tests__/performance-middleware.integration.test.ts"},{"assertionResults":[],"startTime":1775688137711,"endTime":1775688137711,"status":"failed","message":"Cannot find module '.prisma/client/default'\nRequire stack:\n- /var/home/pc/Área de trabalho/Dev/RegCheck/.claude/worktrees/romantic-lumiere/node_modules/.pnpm/@prisma+client@5.22.0_prisma@5.22.0/node_modules/@prisma/client/default.js","name":"/var/home/pc/Área de trabalho/Dev/RegCheck/.claude/worktrees/romantic-lumiere/apps/api/src/middleware/__tests__/performance-middleware.test.ts"},{"assertionResults":[],"startTime":1775688137711,"endTime":1775688137711,"status":"failed","message":"Cannot find module '.prisma/client/default'\nRequire stack:\n- /var/home/pc/Área de trabalho/Dev/RegCheck/.claude/worktrees/romantic-lumiere/node_modules/.pnpm/@prisma+client@5.22.0_prisma@5.22.0/node_modules/@prisma/client/default.js","name":"/var/home/pc/Área de trabalho/Dev/RegCheck/.claude/worktrees/romantic-lumiere/apps/api/src/middleware/__tests__/prisma-query-logging.integration.test.ts"}]}